<?xml version="1.0" encoding="UTF-8"?>
<testsuite name="TestNamedArguments" tests="1" skipped="0" failures="0" errors="0" timestamp="2021-03-18T07:52:59" hostname="Eds-MacBook-Pro.local" time="0.043">
  <properties/>
  <testcase name="testJoinToString" classname="TestNamedArguments" time="0.043"/>
  <system-out><![CDATA[]]></system-out>
  <system-err><![CDATA[]]></system-err>
</testsuite>
