<?xml version="1.0" encoding="UTF-8"?>
<testsuite name="TestLambdas" tests="2" skipped="0" failures="0" errors="0" timestamp="2021-03-18T12:26:33" hostname="Eds-MacBook-Pro.local" time="0.016">
  <properties/>
  <testcase name="contains" classname="TestLambdas" time="0.015"/>
  <testcase name="notContains" classname="TestLambdas" time="0.001"/>
  <system-out><![CDATA[]]></system-out>
  <system-err><![CDATA[]]></system-err>
</testsuite>
