<?xml version="1.0" encoding="UTF-8"?>
<testsuite name="TestComparison" tests="2" skipped="0" failures="0" errors="0" timestamp="2021-03-19T12:45:25" hostname="Eds-MacBook-Pro.local" time="0.006">
  <properties/>
  <testcase name="testAfter" classname="TestComparison" time="0.005"/>
  <testcase name="testBefore" classname="TestComparison" time="0.001"/>
  <system-out><![CDATA[]]></system-out>
  <system-err><![CDATA[]]></system-err>
</testsuite>
