<?xml version="1.0" encoding="UTF-8"?>
<testsuite name="TestForLoop" tests="2" skipped="0" failures="0" errors="0" timestamp="2021-04-12T12:06:58" hostname="Eds-MacBook-Pro.local" time="0.012">
  <properties/>
  <testcase name="testIterateOverDateRange" classname="TestForLoop" time="0.011"/>
  <testcase name="testIterateOverEmptyRange" classname="TestForLoop" time="0.0"/>
  <system-out><![CDATA[]]></system-out>
  <system-err><![CDATA[]]></system-err>
</testsuite>
